  Board.cpp
  Clues.cpp
C:\Users\jmisi\OneDrive\Desktop\Nonogram\Nonogram\Clues.cpp(48,41): warning C4267: "=": konwersja z "size_t" do "int", możliwa utrata danych
  Game.cpp
C:\Users\jmisi\OneDrive\Desktop\Nonogram\Nonogram\Game.cpp(16,85): warning C4244: "argument": konwersja z "unsigned int" do "T", możliwa utrata danych
          with
          [
              T=float
          ]
C:\Users\jmisi\OneDrive\Desktop\Nonogram\Nonogram\Game.cpp(16,60): warning C4244: "argument": konwersja z "unsigned int" do "T", możliwa utrata danych
          with
          [
              T=float
          ]
C:\Users\jmisi\OneDrive\Desktop\Nonogram\Nonogram\Game.cpp(31,72): warning C4244: "argument": konwersja z "unsigned int" do "float", możliwa utrata danych
C:\Users\jmisi\OneDrive\Desktop\Nonogram\Nonogram\Game.cpp(31,47): warning C4244: "argument": konwersja z "unsigned int" do "float", możliwa utrata danych
C:\Users\jmisi\OneDrive\Desktop\Nonogram\Nonogram\Game.cpp(46,76): warning C4244: "argument": konwersja z "unsigned int" do "float", możliwa utrata danych
C:\Users\jmisi\OneDrive\Desktop\Nonogram\Nonogram\Game.cpp(46,51): warning C4244: "argument": konwersja z "unsigned int" do "float", możliwa utrata danych
C:\Users\jmisi\OneDrive\Desktop\Nonogram\Nonogram\Game.cpp(73,82): warning C4244: "argument": konwersja z "unsigned int" do "float", możliwa utrata danych
C:\Users\jmisi\OneDrive\Desktop\Nonogram\Nonogram\Game.cpp(73,54): warning C4244: "argument": konwersja z "unsigned int" do "float", możliwa utrata danych
C:\Users\jmisi\OneDrive\Desktop\Nonogram\Nonogram\Game.cpp(80,76): warning C4244: "argument": konwersja z "unsigned int" do "float", możliwa utrata danych
C:\Users\jmisi\OneDrive\Desktop\Nonogram\Nonogram\Game.cpp(80,51): warning C4244: "argument": konwersja z "unsigned int" do "float", możliwa utrata danych
  Level.cpp
C:\Users\jmisi\OneDrive\Desktop\Nonogram\Nonogram\Level.cpp(17,49): warning C4244: "argument": konwersja z "int" do "T", możliwa utrata danych
          with
          [
              T=float
          ]
C:\Users\jmisi\OneDrive\Desktop\Nonogram\Nonogram\Level.cpp(17,31): warning C4244: "argument": konwersja z "int" do "T", możliwa utrata danych
          with
          [
              T=float
          ]
C:\Users\jmisi\OneDrive\Desktop\Nonogram\Nonogram\Level.cpp(56,49): warning C4244: "argument": konwersja z "int" do "T", możliwa utrata danych
          with
          [
              T=float
          ]
C:\Users\jmisi\OneDrive\Desktop\Nonogram\Nonogram\Level.cpp(56,31): warning C4244: "argument": konwersja z "int" do "T", możliwa utrata danych
          with
          [
              T=float
          ]
C:\Users\jmisi\OneDrive\Desktop\Nonogram\Nonogram\Level.cpp(119,41): warning C4244: "argument": konwersja z "T" do "unsigned int", możliwa utrata danych
          with
          [
              T=float
          ]
C:\Users\jmisi\OneDrive\Desktop\Nonogram\Nonogram\Level.cpp(121,62): warning C4244: "argument": konwersja z "T" do "T", możliwa utrata danych
          with
          [
              T=unsigned int
          ]
          and
          [
              T=float
          ]
C:\Users\jmisi\OneDrive\Desktop\Nonogram\Nonogram\Level.cpp(121,42): warning C4244: "argument": konwersja z "T" do "T", możliwa utrata danych
          with
          [
              T=unsigned int
          ]
          and
          [
              T=float
          ]
C:\Users\jmisi\OneDrive\Desktop\Nonogram\Nonogram\Level.cpp(130,22): warning C4267: "inicjowanie": konwersja z "size_t" do "short", możliwa utrata danych
C:\Users\jmisi\OneDrive\Desktop\Nonogram\Nonogram\Level.cpp(141,22): warning C4267: "inicjowanie": konwersja z "size_t" do "short", możliwa utrata danych
C:\Users\jmisi\OneDrive\Desktop\Nonogram\Nonogram\Level.cpp(191,21): warning C4244: "inicjowanie": konwersja z "T" do "int", możliwa utrata danych
          with
          [
              T=float
          ]
C:\Users\jmisi\OneDrive\Desktop\Nonogram\Nonogram\Level.cpp(192,18): warning C4244: "inicjowanie": konwersja z "T" do "int", możliwa utrata danych
          with
          [
              T=float
          ]
C:\Users\jmisi\OneDrive\Desktop\Nonogram\Nonogram\Level.cpp(204,21): warning C4244: "inicjowanie": konwersja z "T" do "int", możliwa utrata danych
          with
          [
              T=float
          ]
C:\Users\jmisi\OneDrive\Desktop\Nonogram\Nonogram\Level.cpp(205,18): warning C4244: "inicjowanie": konwersja z "T" do "int", możliwa utrata danych
          with
          [
              T=float
          ]
C:\Users\jmisi\OneDrive\Desktop\Nonogram\Nonogram\Level.cpp(219,20): warning C4244: "inicjowanie": konwersja z "T" do "int", możliwa utrata danych
          with
          [
              T=float
          ]
C:\Users\jmisi\OneDrive\Desktop\Nonogram\Nonogram\Level.cpp(220,17): warning C4244: "inicjowanie": konwersja z "T" do "int", możliwa utrata danych
          with
          [
              T=float
          ]
  SideMenu.cpp
C:\Users\jmisi\OneDrive\Desktop\Nonogram\Nonogram\SideMenu.cpp(26,38): warning C4267: "=": konwersja z "size_t" do "int", możliwa utrata danych
C:\Users\jmisi\OneDrive\Desktop\Nonogram\Nonogram\SideMenu.cpp(73,47): warning C4244: "argument": konwersja z "T" do "T", możliwa utrata danych
          with
          [
              T=unsigned int
          ]
          and
          [
              T=float
          ]
C:\Users\jmisi\OneDrive\Desktop\Nonogram\Nonogram\SideMenu.cpp(122,51): warning C4244: "argument": konwersja z "int" do "float", możliwa utrata danych
C:\Users\jmisi\OneDrive\Desktop\Nonogram\Nonogram\SideMenu.cpp(133,57): warning C4244: "argument": konwersja z "int" do "float", możliwa utrata danych
C:\Users\jmisi\OneDrive\Desktop\Nonogram\Nonogram\SideMenu.cpp(156,97): warning C4244: "argument": konwersja z "T" do "float", możliwa utrata danych
          with
          [
              T=unsigned int
          ]
C:\Users\jmisi\OneDrive\Desktop\Nonogram\Nonogram\SideMenu.cpp(166,101): warning C4244: "argument": konwersja z "T" do "float", możliwa utrata danych
          with
          [
              T=unsigned int
          ]
C:\Users\jmisi\OneDrive\Desktop\Nonogram\Nonogram\SideMenu.cpp(169,117): warning C4244: "argument": konwersja z "T" do "float", możliwa utrata danych
          with
          [
              T=unsigned int
          ]
C:\Users\jmisi\OneDrive\Desktop\Nonogram\Nonogram\SideMenu.cpp(212,91): warning C4244: "argument": konwersja z "double" do "float", możliwa utrata danych
C:\Users\jmisi\OneDrive\Desktop\Nonogram\Nonogram\SideMenu.cpp(223,92): warning C4244: "argument": konwersja z "double" do "float", możliwa utrata danych
C:\Users\jmisi\OneDrive\Desktop\Nonogram\Nonogram\SideMenu.cpp(267,88): warning C4244: "argument": konwersja z "T" do "float", możliwa utrata danych
          with
          [
              T=unsigned int
          ]
C:\Users\jmisi\OneDrive\Desktop\Nonogram\Nonogram\SideMenu.cpp(313,45): warning C4244: "=": konwersja z "T" do "int", możliwa utrata danych
          with
          [
              T=float
          ]
  WindowParameters.cpp
C:\Users\jmisi\OneDrive\Desktop\Nonogram\Nonogram\WindowParameters.cpp(5,140): warning C4244: "=": konwersja z "T" do "unsigned int", możliwa utrata danych
          with
          [
              T=float
          ]
C:\Users\jmisi\OneDrive\Desktop\Nonogram\Nonogram\WindowParameters.cpp(6,140): warning C4244: "=": konwersja z "T" do "unsigned int", możliwa utrata danych
          with
          [
              T=float
          ]
  main.cpp
C:\Users\jmisi\OneDrive\Desktop\Nonogram\Nonogram\main.cpp(5,13): warning C4326: zwracany typ "main" powinien być "int" zamiast "void"
  Trwa generowanie kodu
  73 of 906 functions ( 8.1%) were compiled, the rest were copied from previous compilation.
    23 functions were new in current compilation
    58 functions had inline decision re-evaluated but remain unchanged
  Zakończono generowanie kodu
  Nonogram.vcxproj -> C:\Users\jmisi\OneDrive\Desktop\Nonogram\x64\Release\Nonogram.exe
